<?xml version="1.0" encoding="UTF-8"?>
<!-- Generated by org.testng.reporters.JUnitReportReporter -->
<testsuite hostname="LAPTOP-DUJFBR3O" failures="0" tests="7" name="seleniumPKG.Scenarios_LT" time="141.455" errors="1" timestamp="2024-12-09T17:02:45 IST" skipped="3">
  <testcase classname="seleniumPKG.Scenarios_LT" name="setUp" time="40.723">
    <error message="Unable to find the session info for particular sessionId null, maybe session has quit already or timed out. (WARNING: The server did not provide any stacktrace information)
Command duration or timeout: 111 milliseconds
Build info: version: &#039;2.52.0&#039;, revision: &#039;4c2593cfc3689a7fcd7be52549167e5ccc93ad28&#039;, time: &#039;2016-02-11 11:22:43&#039;
System info: host: &#039;LAPTOP-DUJFBR3O&#039;, ip: &#039;172.23.208.1&#039;, os.name: &#039;Windows 11&#039;, os.arch: &#039;amd64&#039;, os.version: &#039;10.0&#039;, java.version: &#039;21.0.1&#039;
Driver info: org.openqa.selenium.remote.RemoteWebDriver
Capabilities [{capabilities={moz:profile=/var/folders/wt/75ds5k957x11s39sf86pd2_80000gp/T/rust_mozprofilerQprJz, moz:geckodriverVersion=0.35.0, timeouts={implicit=0, pageLoad=300000, script=30000}, pageLoadStrategy=normal, unhandledPromptBehavior=dismiss and notify, strictFileInteractability=false, userAgent=Mozilla/5.0 (Macintosh; Intel Mac OS X 10.15; rv:132.0) Gecko/20100101 Firefox/132.0, moz:headless=false, moz:windowless=false, proxy={}, moz:accessibilityChecks=false, acceptInsecureCerts=true, browserVersion=132.0, moz:shutdownTimeout=60000, moz:processID=99594, browserName=firefox, moz:buildID=20241021175835, moz:platformVersion=22.6.0, platformName=mac, setWindowRect=true, moz:webdriverClick=true}, sessionId=b003a260-cce2-429b-8aae-254e989e863c, platform=ANY}]
Session ID: null" type="org.openqa.selenium.TimeoutException">
      <![CDATA[org.openqa.selenium.TimeoutException: Unable to find the session info for particular sessionId null, maybe session has quit already or timed out. (WARNING: The server did not provide any stacktrace information)
Command duration or timeout: 111 milliseconds
Build info: version: '2.52.0', revision: '4c2593cfc3689a7fcd7be52549167e5ccc93ad28', time: '2016-02-11 11:22:43'
System info: host: 'LAPTOP-DUJFBR3O', ip: '172.23.208.1', os.name: 'Windows 11', os.arch: 'amd64', os.version: '10.0', java.version: '21.0.1'
Driver info: org.openqa.selenium.remote.RemoteWebDriver
Capabilities [{capabilities={moz:profile=/var/folders/wt/75ds5k957x11s39sf86pd2_80000gp/T/rust_mozprofilerQprJz, moz:geckodriverVersion=0.35.0, timeouts={implicit=0, pageLoad=300000, script=30000}, pageLoadStrategy=normal, unhandledPromptBehavior=dismiss and notify, strictFileInteractability=false, userAgent=Mozilla/5.0 (Macintosh; Intel Mac OS X 10.15; rv:132.0) Gecko/20100101 Firefox/132.0, moz:headless=false, moz:windowless=false, proxy={}, moz:accessibilityChecks=false, acceptInsecureCerts=true, browserVersion=132.0, moz:shutdownTimeout=60000, moz:processID=99594, browserName=firefox, moz:buildID=20241021175835, moz:platformVersion=22.6.0, platformName=mac, setWindowRect=true, moz:webdriverClick=true}, sessionId=b003a260-cce2-429b-8aae-254e989e863c, platform=ANY}]
Session ID: null
at java.base/jdk.internal.reflect.DirectConstructorHandleAccessor.newInstance(DirectConstructorHandleAccessor.java:62)
at java.base/java.lang.reflect.Constructor.newInstanceWithCaller(Constructor.java:502)
at java.base/java.lang.reflect.Constructor.newInstance(Constructor.java:486)
at org.openqa.selenium.remote.ErrorHandler.createThrowable(ErrorHandler.java:206)
at org.openqa.selenium.remote.ErrorHandler.throwIfResponseFailed(ErrorHandler.java:158)
at org.openqa.selenium.remote.RemoteWebDriver.execute(RemoteWebDriver.java:678)
at org.openqa.selenium.remote.RemoteWebDriver.get(RemoteWebDriver.java:316)
at seleniumPKG.Scenarios_LT.setUp(Scenarios_LT.java:55)
at java.base/jdk.internal.reflect.DirectMethodHandleAccessor.invoke(DirectMethodHandleAccessor.java:103)
at java.base/java.lang.reflect.Method.invoke(Method.java:580)
at org.testng.internal.invokers.MethodInvocationHelper.invokeMethod(MethodInvocationHelper.java:139)
at org.testng.internal.invokers.MethodInvocationHelper.invokeMethodConsideringTimeout(MethodInvocationHelper.java:69)
at org.testng.internal.invokers.ConfigInvoker.invokeConfigurationMethod(ConfigInvoker.java:361)
at org.testng.internal.invokers.ConfigInvoker.invokeConfigurations(ConfigInvoker.java:296)
at org.testng.internal.invokers.TestInvoker.runConfigMethods(TestInvoker.java:823)
at org.testng.internal.invokers.TestInvoker.invokeMethod(TestInvoker.java:590)
at org.testng.internal.invokers.TestInvoker.invokeTestMethod(TestInvoker.java:221)
at org.testng.internal.invokers.MethodRunner.runInSequence(MethodRunner.java:50)
at org.testng.internal.invokers.TestInvoker$MethodInvocationAgent.invoke(TestInvoker.java:969)
at org.testng.internal.invokers.TestInvoker.invokeTestMethods(TestInvoker.java:194)
at org.testng.internal.invokers.TestMethodWorker.invokeTestMethods(TestMethodWorker.java:148)
at org.testng.internal.invokers.TestMethodWorker.run(TestMethodWorker.java:128)
at java.base/java.util.ArrayList.forEach(ArrayList.java:1596)
at org.testng.TestRunner.privateRun(TestRunner.java:829)
at org.testng.TestRunner.run(TestRunner.java:602)
at org.testng.SuiteRunner.runTest(SuiteRunner.java:437)
at org.testng.SuiteRunner$SuiteWorker.run(SuiteRunner.java:475)
at org.testng.internal.thread.ThreadUtil.lambda$execute$0(ThreadUtil.java:58)
at java.base/java.util.concurrent.FutureTask.run(FutureTask.java:317)
at java.base/java.util.concurrent.ThreadPoolExecutor.runWorker(ThreadPoolExecutor.java:1144)
at java.base/java.util.concurrent.ThreadPoolExecutor$Worker.run(ThreadPoolExecutor.java:642)
at java.base/java.lang.Thread.run(Thread.java:1583)
]]>
    </error>
  </testcase> <!-- setUp -->
  <system-out/>
  <testcase classname="seleniumPKG.Scenarios_LT" name="testSimpleFormDemo" time="0.000">
    <skipped/>
  </testcase> <!-- testSimpleFormDemo -->
  <system-out/>
  <testcase classname="seleniumPKG.Scenarios_LT" name="testSimpleFormDemo" time="32.089"/>
  <system-out/>
  <testcase classname="seleniumPKG.Scenarios_LT" name="testDragAndDropSlider" time="32.448"/>
  <system-out/>
  <testcase classname="seleniumPKG.Scenarios_LT" name="testDragAndDropSlider" time="0.000">
    <skipped/>
  </testcase> <!-- testDragAndDropSlider -->
  <system-out/>
  <testcase classname="seleniumPKG.Scenarios_LT" name="testInputFormSubmit" time="0.000">
    <skipped/>
  </testcase> <!-- testInputFormSubmit -->
  <system-out/>
  <testcase classname="seleniumPKG.Scenarios_LT" name="testInputFormSubmit" time="36.195"/>
  <system-out/>
</testsuite> <!-- seleniumPKG.Scenarios_LT -->
